running develop
running egg_info
writing hexa_description.egg-info/PKG-INFO
writing dependency_links to hexa_description.egg-info/dependency_links.txt
writing entry points to hexa_description.egg-info/entry_points.txt
writing requirements to hexa_description.egg-info/requires.txt
writing top-level names to hexa_description.egg-info/top_level.txt
reading manifest file 'hexa_description.egg-info/SOURCES.txt'
writing manifest file 'hexa_description.egg-info/SOURCES.txt'
running build_ext
Creating /home/aman/ros2_ws/install/hexa_description/lib/python3.10/site-packages/hexa-description.egg-link (link to .)
Installing hexapod_walker script to /home/aman/ros2_ws/install/hexa_description/lib/hexa_description

Installed /home/aman/ros2_ws/build/hexa_description
running symlink_data
symbolically linking /home/aman/ros2_ws/build/hexa_description/resource/hexa_description -> /home/aman/ros2_ws/install/hexa_description/share/ament_index/resource_index/packages
symbolically linking /home/aman/ros2_ws/build/hexa_description/package.xml -> /home/aman/ros2_ws/install/hexa_description/share/hexa_description
symbolically linking /home/aman/ros2_ws/build/hexa_description/launch/gazebo.launch.py -> /home/aman/ros2_ws/install/hexa_description/share/hexa_description/launch
symbolically linking /home/aman/ros2_ws/build/hexa_description/launch/display.launch.py -> /home/aman/ros2_ws/install/hexa_description/share/hexa_description/launch
symbolically linking /home/aman/ros2_ws/build/hexa_description/urdf/hexa.gazebo -> /home/aman/ros2_ws/install/hexa_description/share/hexa_description/urdf
symbolically linking /home/aman/ros2_ws/build/hexa_description/urdf/materials.xacro -> /home/aman/ros2_ws/install/hexa_description/share/hexa_description/urdf
symbolically linking /home/aman/ros2_ws/build/hexa_description/urdf/hexa.trans -> /home/aman/ros2_ws/install/hexa_description/share/hexa_description/urdf
symbolically linking /home/aman/ros2_ws/build/hexa_description/urdf/hexa.xacro -> /home/aman/ros2_ws/install/hexa_description/share/hexa_description/urdf
symbolically linking /home/aman/ros2_ws/build/hexa_description/meshes/T4_1.stl -> /home/aman/ros2_ws/install/hexa_description/share/hexa_description/meshes
symbolically linking /home/aman/ros2_ws/build/hexa_description/meshes/T6_1.stl -> /home/aman/ros2_ws/install/hexa_description/share/hexa_description/meshes
symbolically linking /home/aman/ros2_ws/build/hexa_description/meshes/5F_1.stl -> /home/aman/ros2_ws/install/hexa_description/share/hexa_description/meshes
symbolically linking /home/aman/ros2_ws/build/hexa_description/meshes/C6_1.stl -> /home/aman/ros2_ws/install/hexa_description/share/hexa_description/meshes
symbolically linking /home/aman/ros2_ws/build/hexa_description/meshes/T5_1.stl -> /home/aman/ros2_ws/install/hexa_description/share/hexa_description/meshes
symbolically linking /home/aman/ros2_ws/build/hexa_description/meshes/base_link.stl -> /home/aman/ros2_ws/install/hexa_description/share/hexa_description/meshes
symbolically linking /home/aman/ros2_ws/build/hexa_description/meshes/C2_1.stl -> /home/aman/ros2_ws/install/hexa_description/share/hexa_description/meshes
symbolically linking /home/aman/ros2_ws/build/hexa_description/meshes/C5_1.stl -> /home/aman/ros2_ws/install/hexa_description/share/hexa_description/meshes
symbolically linking /home/aman/ros2_ws/build/hexa_description/meshes/C3_1.stl -> /home/aman/ros2_ws/install/hexa_description/share/hexa_description/meshes
symbolically linking /home/aman/ros2_ws/build/hexa_description/meshes/F2_1.stl -> /home/aman/ros2_ws/install/hexa_description/share/hexa_description/meshes
symbolically linking /home/aman/ros2_ws/build/hexa_description/meshes/T3_1.stl -> /home/aman/ros2_ws/install/hexa_description/share/hexa_description/meshes
symbolically linking /home/aman/ros2_ws/build/hexa_description/meshes/F4_1.stl -> /home/aman/ros2_ws/install/hexa_description/share/hexa_description/meshes
symbolically linking /home/aman/ros2_ws/build/hexa_description/meshes/T2_1.stl -> /home/aman/ros2_ws/install/hexa_description/share/hexa_description/meshes
symbolically linking /home/aman/ros2_ws/build/hexa_description/meshes/F6_1.stl -> /home/aman/ros2_ws/install/hexa_description/share/hexa_description/meshes
symbolically linking /home/aman/ros2_ws/build/hexa_description/meshes/F1_1.stl -> /home/aman/ros2_ws/install/hexa_description/share/hexa_description/meshes
symbolically linking /home/aman/ros2_ws/build/hexa_description/meshes/F3_1.stl -> /home/aman/ros2_ws/install/hexa_description/share/hexa_description/meshes
symbolically linking /home/aman/ros2_ws/build/hexa_description/meshes/C1_1.stl -> /home/aman/ros2_ws/install/hexa_description/share/hexa_description/meshes
symbolically linking /home/aman/ros2_ws/build/hexa_description/meshes/T1_1.stl -> /home/aman/ros2_ws/install/hexa_description/share/hexa_description/meshes
symbolically linking /home/aman/ros2_ws/build/hexa_description/meshes/C4_1.stl -> /home/aman/ros2_ws/install/hexa_description/share/hexa_description/meshes
symbolically linking /home/aman/ros2_ws/build/hexa_description/config/hardware_interface.yaml -> /home/aman/ros2_ws/install/hexa_description/share/hexa_description/config
symbolically linking /home/aman/ros2_ws/build/hexa_description/config/display.rviz -> /home/aman/ros2_ws/install/hexa_description/share/hexa_description/config
symbolically linking /home/aman/ros2_ws/build/hexa_description/config/controllersremove.yaml -> /home/aman/ros2_ws/install/hexa_description/share/hexa_description/config
symbolically linking /home/aman/ros2_ws/build/hexa_description/config/controllers.yaml -> /home/aman/ros2_ws/install/hexa_description/share/hexa_description/config
