[0.585s] Invoking command in '/home/aman/ros2_ws/build/hexa_description': PYTHONPATH=/home/aman/ros2_ws/build/hexa_description/prefix_override:/usr/lib/python3/dist-packages/colcon_core/task/python/colcon_distutils_commands:/home/aman/ros2_ws/install/hexa_description/lib/python3.10/site-packages:${PYTHONPATH} /usr/bin/python3 -W ignore:setup.py install is deprecated -W ignore:easy_install command is deprecated setup.py develop --editable --build-directory /home/aman/ros2_ws/build/hexa_description/build --no-deps symlink_data --force
[0.675s] /home/aman/.local/lib/python3.10/site-packages/setuptools/_distutils/dist.py:261: UserWarning: Unknown distribution option: 'tests_require'
[0.675s]   warnings.warn(msg)
[0.791s] running develop
[0.929s] running egg_info
[0.939s] writing hexa_description.egg-info/PKG-INFO
[0.940s] writing dependency_links to hexa_description.egg-info/dependency_links.txt
[0.940s] writing entry points to hexa_description.egg-info/entry_points.txt
[0.940s] writing requirements to hexa_description.egg-info/requires.txt
[0.940s] writing top-level names to hexa_description.egg-info/top_level.txt
[0.961s] reading manifest file 'hexa_description.egg-info/SOURCES.txt'
[0.963s] writing manifest file 'hexa_description.egg-info/SOURCES.txt'
[1.005s] running build_ext
[1.005s] Creating /home/aman/ros2_ws/install/hexa_description/lib/python3.10/site-packages/hexa-description.egg-link (link to .)
[1.006s] Installing hexapod_walker script to /home/aman/ros2_ws/install/hexa_description/lib/hexa_description
[1.006s] 
[1.007s] Installed /home/aman/ros2_ws/build/hexa_description
[1.007s] running symlink_data
[1.007s] symbolically linking /home/aman/ros2_ws/build/hexa_description/resource/hexa_description -> /home/aman/ros2_ws/install/hexa_description/share/ament_index/resource_index/packages
[1.007s] symbolically linking /home/aman/ros2_ws/build/hexa_description/package.xml -> /home/aman/ros2_ws/install/hexa_description/share/hexa_description
[1.007s] symbolically linking /home/aman/ros2_ws/build/hexa_description/launch/gazebo.launch.py -> /home/aman/ros2_ws/install/hexa_description/share/hexa_description/launch
[1.007s] symbolically linking /home/aman/ros2_ws/build/hexa_description/launch/display.launch.py -> /home/aman/ros2_ws/install/hexa_description/share/hexa_description/launch
[1.007s] symbolically linking /home/aman/ros2_ws/build/hexa_description/urdf/hexa.gazebo -> /home/aman/ros2_ws/install/hexa_description/share/hexa_description/urdf
[1.007s] symbolically linking /home/aman/ros2_ws/build/hexa_description/urdf/materials.xacro -> /home/aman/ros2_ws/install/hexa_description/share/hexa_description/urdf
[1.007s] symbolically linking /home/aman/ros2_ws/build/hexa_description/urdf/hexa.trans -> /home/aman/ros2_ws/install/hexa_description/share/hexa_description/urdf
[1.008s] symbolically linking /home/aman/ros2_ws/build/hexa_description/urdf/hexa.xacro -> /home/aman/ros2_ws/install/hexa_description/share/hexa_description/urdf
[1.008s] symbolically linking /home/aman/ros2_ws/build/hexa_description/meshes/T4_1.stl -> /home/aman/ros2_ws/install/hexa_description/share/hexa_description/meshes
[1.008s] symbolically linking /home/aman/ros2_ws/build/hexa_description/meshes/T6_1.stl -> /home/aman/ros2_ws/install/hexa_description/share/hexa_description/meshes
[1.008s] symbolically linking /home/aman/ros2_ws/build/hexa_description/meshes/5F_1.stl -> /home/aman/ros2_ws/install/hexa_description/share/hexa_description/meshes
[1.008s] symbolically linking /home/aman/ros2_ws/build/hexa_description/meshes/C6_1.stl -> /home/aman/ros2_ws/install/hexa_description/share/hexa_description/meshes
[1.008s] symbolically linking /home/aman/ros2_ws/build/hexa_description/meshes/T5_1.stl -> /home/aman/ros2_ws/install/hexa_description/share/hexa_description/meshes
[1.008s] symbolically linking /home/aman/ros2_ws/build/hexa_description/meshes/base_link.stl -> /home/aman/ros2_ws/install/hexa_description/share/hexa_description/meshes
[1.008s] symbolically linking /home/aman/ros2_ws/build/hexa_description/meshes/C2_1.stl -> /home/aman/ros2_ws/install/hexa_description/share/hexa_description/meshes
[1.009s] symbolically linking /home/aman/ros2_ws/build/hexa_description/meshes/C5_1.stl -> /home/aman/ros2_ws/install/hexa_description/share/hexa_description/meshes
[1.009s] symbolically linking /home/aman/ros2_ws/build/hexa_description/meshes/C3_1.stl -> /home/aman/ros2_ws/install/hexa_description/share/hexa_description/meshes
[1.009s] symbolically linking /home/aman/ros2_ws/build/hexa_description/meshes/F2_1.stl -> /home/aman/ros2_ws/install/hexa_description/share/hexa_description/meshes
[1.009s] symbolically linking /home/aman/ros2_ws/build/hexa_description/meshes/T3_1.stl -> /home/aman/ros2_ws/install/hexa_description/share/hexa_description/meshes
[1.009s] symbolically linking /home/aman/ros2_ws/build/hexa_description/meshes/F4_1.stl -> /home/aman/ros2_ws/install/hexa_description/share/hexa_description/meshes
[1.009s] symbolically linking /home/aman/ros2_ws/build/hexa_description/meshes/T2_1.stl -> /home/aman/ros2_ws/install/hexa_description/share/hexa_description/meshes
[1.009s] symbolically linking /home/aman/ros2_ws/build/hexa_description/meshes/F6_1.stl -> /home/aman/ros2_ws/install/hexa_description/share/hexa_description/meshes
[1.009s] symbolically linking /home/aman/ros2_ws/build/hexa_description/meshes/F1_1.stl -> /home/aman/ros2_ws/install/hexa_description/share/hexa_description/meshes
[1.009s] symbolically linking /home/aman/ros2_ws/build/hexa_description/meshes/F3_1.stl -> /home/aman/ros2_ws/install/hexa_description/share/hexa_description/meshes
[1.009s] symbolically linking /home/aman/ros2_ws/build/hexa_description/meshes/C1_1.stl -> /home/aman/ros2_ws/install/hexa_description/share/hexa_description/meshes
[1.009s] symbolically linking /home/aman/ros2_ws/build/hexa_description/meshes/T1_1.stl -> /home/aman/ros2_ws/install/hexa_description/share/hexa_description/meshes
[1.009s] symbolically linking /home/aman/ros2_ws/build/hexa_description/meshes/C4_1.stl -> /home/aman/ros2_ws/install/hexa_description/share/hexa_description/meshes
[1.010s] symbolically linking /home/aman/ros2_ws/build/hexa_description/config/hardware_interface.yaml -> /home/aman/ros2_ws/install/hexa_description/share/hexa_description/config
[1.010s] symbolically linking /home/aman/ros2_ws/build/hexa_description/config/display.rviz -> /home/aman/ros2_ws/install/hexa_description/share/hexa_description/config
[1.010s] symbolically linking /home/aman/ros2_ws/build/hexa_description/config/controllersremove.yaml -> /home/aman/ros2_ws/install/hexa_description/share/hexa_description/config
[1.010s] symbolically linking /home/aman/ros2_ws/build/hexa_description/config/controllers.yaml -> /home/aman/ros2_ws/install/hexa_description/share/hexa_description/config
[1.042s] Invoked command in '/home/aman/ros2_ws/build/hexa_description' returned '0': PYTHONPATH=/home/aman/ros2_ws/build/hexa_description/prefix_override:/usr/lib/python3/dist-packages/colcon_core/task/python/colcon_distutils_commands:/home/aman/ros2_ws/install/hexa_description/lib/python3.10/site-packages:${PYTHONPATH} /usr/bin/python3 -W ignore:setup.py install is deprecated -W ignore:easy_install command is deprecated setup.py develop --editable --build-directory /home/aman/ros2_ws/build/hexa_description/build --no-deps symlink_data --force
