[0.470s] Invoking command in '/home/aman/ros2_ws/build/hexa_description': PYTHONPATH=/home/aman/ros2_ws/build/hexa_description/prefix_override:/usr/lib/python3/dist-packages/colcon_core/task/python/colcon_distutils_commands:/home/aman/ros2_ws/install/hexa_description/lib/python3.10/site-packages:${PYTHONPATH} /usr/bin/python3 -W ignore:setup.py install is deprecated -W ignore:easy_install command is deprecated setup.py develop --editable --build-directory /home/aman/ros2_ws/build/hexa_description/build --no-deps symlink_data
[0.554s] /home/aman/.local/lib/python3.10/site-packages/setuptools/_distutils/dist.py:261: UserWarning: Unknown distribution option: 'tests_require'
[0.554s]   warnings.warn(msg)
[0.662s] running develop
[0.791s] running egg_info
[0.800s] writing hexa_description.egg-info/PKG-INFO
[0.801s] writing dependency_links to hexa_description.egg-info/dependency_links.txt
[0.801s] writing entry points to hexa_description.egg-info/entry_points.txt
[0.801s] writing requirements to hexa_description.egg-info/requires.txt
[0.801s] writing top-level names to hexa_description.egg-info/top_level.txt
[0.820s] reading manifest file 'hexa_description.egg-info/SOURCES.txt'
[0.821s] writing manifest file 'hexa_description.egg-info/SOURCES.txt'
[0.851s] running build_ext
[0.852s] Creating /home/aman/ros2_ws/install/hexa_description/lib/python3.10/site-packages/hexa-description.egg-link (link to .)
[0.852s] Installing hexapod_walker script to /home/aman/ros2_ws/install/hexa_description/lib/hexa_description
[0.852s] 
[0.852s] Installed /home/aman/ros2_ws/build/hexa_description
[0.852s] running symlink_data
[0.852s] symbolically linking /home/aman/ros2_ws/build/hexa_description/launch/hexapod_controller.launch.py -> /home/aman/ros2_ws/install/hexa_description/share/hexa_description/launch
[0.876s] Invoked command in '/home/aman/ros2_ws/build/hexa_description' returned '0': PYTHONPATH=/home/aman/ros2_ws/build/hexa_description/prefix_override:/usr/lib/python3/dist-packages/colcon_core/task/python/colcon_distutils_commands:/home/aman/ros2_ws/install/hexa_description/lib/python3.10/site-packages:${PYTHONPATH} /usr/bin/python3 -W ignore:setup.py install is deprecated -W ignore:easy_install command is deprecated setup.py develop --editable --build-directory /home/aman/ros2_ws/build/hexa_description/build --no-deps symlink_data
